<?xml version="1.0" encoding="UTF-8"?>
<!-- Generated by org.testng.reporters.JUnitReportReporter -->
<testsuite skipped="0" hostname="DESKTOP-AUMPPJB" name="org.lennox.testcases.PurchaseCompressors_Flow" tests="1" failures="0" timestamp="2021-11-16T13:52:24 IST" time="20.954" errors="0">
  <testcase name="purchase_compressor_flow" time="20.954" classname="org.lennox.testcases.PurchaseCompressors_Flow"/>
  <system-out/>
</testsuite> <!-- org.lennox.testcases.PurchaseCompressors_Flow -->
